<?xml version="1.0" encoding="UTF-8"?>
<!-- Generated by org.testng.reporters.JUnitReportReporter -->
<testsuite skipped="0" hostname="Handans-MacBook-Pro.local" name="com.prestashop.tests.search.ProductDetailsTest" tests="2" failures="0" timestamp="07 Mar 2018 00:10:46 GMT" time="12.161" errors="0">
  <testcase name="searchTest" time="6.104" classname="com.prestashop.tests.search.ProductDetailsTest"/>
  <testcase name="searchTest" time="6.057" classname="com.prestashop.tests.search.ProductDetailsTest"/>
</testsuite> <!-- com.prestashop.tests.search.ProductDetailsTest -->
