<?xml version="1.0" encoding="UTF-8"?>
<!-- Generated by org.testng.reporters.JUnitReportReporter -->
<testsuite skipped="0" hostname="Handans-MacBook-Pro.local" name="com.prestashop.tests.checkout.ProductCheckoutTest" tests="2" failures="0" timestamp="05 Mar 2018 15:45:22 GMT" time="1.672" errors="0">
  <testcase name="checkoutTest" time="0.685" classname="com.prestashop.tests.checkout.ProductCheckoutTest"/>
  <testcase name="productListing" time="0.987" classname="com.prestashop.tests.checkout.ProductCheckoutTest"/>
</testsuite> <!-- com.prestashop.tests.checkout.ProductCheckoutTest -->
