<?xml version="1.0" encoding="UTF-8"?>
<!-- Generated by org.testng.reporters.JUnitReportReporter -->
<testsuite skipped="0" hostname="Handans-MacBook-Pro.local" name="com.prestashop.tests.search.SearchTest" tests="2" failures="0" timestamp="07 Mar 2018 00:10:46 GMT" time="12.181" errors="0">
  <testcase name="searchTest" time="6.071" classname="com.prestashop.tests.search.SearchTest"/>
  <testcase name="searchTest" time="6.110" classname="com.prestashop.tests.search.SearchTest"/>
</testsuite> <!-- com.prestashop.tests.search.SearchTest -->
