<?xml version="1.0" encoding="UTF-8"?>
<!-- Generated by org.testng.reporters.JUnitReportReporter -->
<testsuite skipped="0" hostname="Handans-MacBook-Pro.local" name="com.amazaonaws.test.AWSCalculatorTests" tests="3" failures="0" timestamp="08 Mar 2018 03:38:38 GMT" time="7.411" errors="0">
  <testcase name="deafultMonthlyBillTest" time="0.967" classname="com.amazaonaws.test.AWSCalculatorTests"/>
  <testcase name="addEc2DeafultValueTest" time="1.163" classname="com.amazaonaws.test.AWSCalculatorTests"/>
  <testcase name="clearFormTest" time="5.281" classname="com.amazaonaws.test.AWSCalculatorTests"/>
</testsuite> <!-- com.amazaonaws.test.AWSCalculatorTests -->
