<?xml version="1.0" encoding="UTF-8"?>
<!-- Generated by org.testng.reporters.JUnitReportReporter -->
<testsuite skipped="0" hostname="Handans-MacBook-Pro.local" name="com.prestashop.tests.registration.LoginTests" tests="2" failures="0" timestamp="07 Mar 2018 00:10:46 GMT" time="4.307" errors="0">
  <testcase name="positiveLoginTest" time="2.252" classname="com.prestashop.tests.registration.LoginTests"/>
  <testcase name="positiveLoginTest" time="2.055" classname="com.prestashop.tests.registration.LoginTests"/>
</testsuite> <!-- com.prestashop.tests.registration.LoginTests -->
