<?xml version="1.0" encoding="UTF-8"?>
<!-- Generated by org.testng.reporters.JUnitReportReporter -->
<testsuite skipped="0" hostname="Handans-MacBook-Pro.local" name="com.prestashop.tests.contactus.PhoneNumberTest" tests="4" failures="0" timestamp="07 Mar 2018 00:10:46 GMT" time="0.118" errors="0">
  <testcase name="sendMessage" time="0.001" classname="com.prestashop.tests.contactus.PhoneNumberTest"/>
  <testcase name="phoneNumberAreaTest" time="0.055" classname="com.prestashop.tests.contactus.PhoneNumberTest"/>
  <testcase name="sendMessage" time="0.000" classname="com.prestashop.tests.contactus.PhoneNumberTest"/>
  <testcase name="phoneNumberAreaTest" time="0.062" classname="com.prestashop.tests.contactus.PhoneNumberTest"/>
</testsuite> <!-- com.prestashop.tests.contactus.PhoneNumberTest -->
